<?xml version="1.0" encoding="UTF-8"?>
<!-- Generated by org.testng.reporters.JUnitReportReporter -->
<testsuite hostname="oodle00330" failures="0" tests="1" name="testngJenkins.SubmitLoanApplication" time="14.714" errors="0" timestamp="2020-12-14T11:53:17 GMT" skipped="0">
  <testcase classname="testngJenkins.SubmitLoanApplication" name="navigateToWebsite" time="14.714"/>
  <system-out/>
</testsuite> <!-- testngJenkins.SubmitLoanApplication -->
